<?xml version="1.0" encoding="UTF-8"?>
<!-- Generated by org.testng.reporters.JUnitReportReporter -->
<testsuite hostname="anmolsaxena" failures="0" tests="2" name="com.redbus.tests.Invalid_login_test_redbus" time="50.564" errors="0" timestamp="2021-07-06T00:03:59 IST" skipped="0">
  <testcase classname="com.redbus.tests.Invalid_login_test_redbus" name="blank_field_error" time="26.686"/>
  <system-out/>
  <testcase classname="com.redbus.tests.Invalid_login_test_redbus" name="phone_number_length" time="23.878"/>
  <system-out/>
</testsuite> <!-- com.redbus.tests.Invalid_login_test_redbus -->
