<?xml version="1.0" encoding="UTF-8"?>
<!-- Generated by org.testng.reporters.JUnitReportReporter -->
<testsuite hostname="anmolsaxena" failures="0" tests="10" name="com.redbus.tests.SearchBus_test_redbus" time="320.156" errors="0" timestamp="2021-07-06T00:03:59 IST" skipped="0">
  <testcase classname="com.redbus.tests.SearchBus_test_redbus" name="Modify_date" time="30.080"/>
  <system-out/>
  <testcase classname="com.redbus.tests.SearchBus_test_redbus" name="search_bus" time="29.291"/>
  <system-out/>
  <testcase classname="com.redbus.tests.SearchBus_test_redbus" name="Modify_Destination" time="41.369"/>
  <system-out/>
  <testcase classname="com.redbus.tests.SearchBus_test_redbus" name="Deaparture_filter" time="31.464"/>
  <system-out/>
  <testcase classname="com.redbus.tests.SearchBus_test_redbus" name="DroppiongPoint_filter" time="33.671"/>
  <system-out/>
  <testcase classname="com.redbus.tests.SearchBus_test_redbus" name="BoardingPoint_filter" time="28.262"/>
  <system-out/>
  <testcase classname="com.redbus.tests.SearchBus_test_redbus" name="Modify_Swipe_places" time="28.048"/>
  <system-out/>
  <testcase classname="com.redbus.tests.SearchBus_test_redbus" name="Modify_empty_Field_Verification" time="38.816"/>
  <system-out/>
  <testcase classname="com.redbus.tests.SearchBus_test_redbus" name="ArrivalTime_filter" time="31.226"/>
  <system-out/>
  <testcase classname="com.redbus.tests.SearchBus_test_redbus" name="BusType_filter" time="27.929"/>
  <system-out/>
</testsuite> <!-- com.redbus.tests.SearchBus_test_redbus -->
