<?xml version="1.0" encoding="UTF-8"?>
<!-- Generated by org.testng.reporters.JUnitReportReporter -->
<testsuite hostname="anmolsaxena" failures="0" tests="8" name="com.redbus.tests.HomePage_test_redbus" time="118.766" errors="0" timestamp="2021-07-06T00:03:59 IST" skipped="0">
  <testcase classname="com.redbus.tests.HomePage_test_redbus" name="Redbus_Cares_Paytm" time="18.936"/>
  <system-out/>
  <testcase classname="com.redbus.tests.HomePage_test_redbus" name="Donation_amount_check" time="7.985"/>
  <system-out/>
  <testcase classname="com.redbus.tests.HomePage_test_redbus" name="Redbus_Cares_DebitCard" time="19.657"/>
  <system-out/>
  <testcase classname="com.redbus.tests.HomePage_test_redbus" name="Manage_booking_options" time="10.735"/>
  <system-out/>
  <testcase classname="com.redbus.tests.HomePage_test_redbus" name="Redbus_Cares_NetBanking" time="16.101"/>
  <system-out/>
  <testcase classname="com.redbus.tests.HomePage_test_redbus" name="Redbus_Cares_PhonePe" time="15.900"/>
  <system-out/>
  <testcase classname="com.redbus.tests.HomePage_test_redbus" name="Redbus_Cares_OtherWallets" time="20.187"/>
  <system-out/>
  <testcase classname="com.redbus.tests.HomePage_test_redbus" name="first_ride_offer" time="9.265"/>
  <system-out/>
</testsuite> <!-- com.redbus.tests.HomePage_test_redbus -->
